Using pre-set license
Built from '2023.1/staging' branch; Version is '2023.1.19f1 (629111e352bc) revision 6459665'; Using compiler version '192829333'; Build Type 'Release'
OS: 'Windows 10  (10.0.19045) 64bit Enterprise' Language: 'en' Physical Memory: 32533 MB
BatchMode: 1, IsHumanControllingUs: 0, StartBugReporterOnCrash: 0, Is64bit: 1, IsPro: 1

COMMAND LINE ARGUMENTS:
C:\Program Files\Unity 2023.1.19f1\Editor\Unity.exe
-adb2
-batchMode
-noUpm
-name
AssetImportWorker1
-projectPath
C:/Users/21492433/Documents/GitHub/FPS-Mirror/FPS_M1rror
-logFile
Logs/AssetImportWorker1.log
-srvPort
60064
Successfully changed project path to: C:/Users/21492433/Documents/GitHub/FPS-Mirror/FPS_M1rror
C:/Users/21492433/Documents/GitHub/FPS-Mirror/FPS_M1rror
[UnityMemory] Configuration Parameters - Can be set up in boot.config
    "memorysetup-bucket-allocator-granularity=16"
    "memorysetup-bucket-allocator-bucket-count=8"
    "memorysetup-bucket-allocator-block-size=33554432"
    "memorysetup-bucket-allocator-block-count=8"
    "memorysetup-main-allocator-block-size=16777216"
    "memorysetup-thread-allocator-block-size=16777216"
    "memorysetup-gfx-main-allocator-block-size=16777216"
    "memorysetup-gfx-thread-allocator-block-size=16777216"
    "memorysetup-cache-allocator-block-size=4194304"
    "memorysetup-typetree-allocator-block-size=2097152"
    "memorysetup-profiler-bucket-allocator-granularity=16"
    "memorysetup-profiler-bucket-allocator-bucket-count=8"
    "memorysetup-profiler-bucket-allocator-block-size=33554432"
    "memorysetup-profiler-bucket-allocator-block-count=8"
    "memorysetup-profiler-allocator-block-size=16777216"
    "memorysetup-profiler-editor-allocator-block-size=1048576"
    "memorysetup-temp-allocator-size-main=16777216"
    "memorysetup-job-temp-allocator-block-size=2097152"
    "memorysetup-job-temp-allocator-block-size-background=1048576"
    "memorysetup-job-temp-allocator-reduction-small-platforms=262144"
    "memorysetup-allocator-temp-initial-block-size-main=262144"
    "memorysetup-allocator-temp-initial-block-size-worker=262144"
    "memorysetup-temp-allocator-size-background-worker=32768"
    "memorysetup-temp-allocator-size-job-worker=262144"
    "memorysetup-temp-allocator-size-preload-manager=33554432"
    "memorysetup-temp-allocator-size-nav-mesh-worker=65536"
    "memorysetup-temp-allocator-size-audio-worker=65536"
    "memorysetup-temp-allocator-size-cloud-worker=32768"
    "memorysetup-temp-allocator-size-gi-baking-worker=262144"
    "memorysetup-temp-allocator-size-gfx=262144"
Player connection [4004] Host "[IP] 10.16.39.31 [Port] 0 [Flags] 2 [Guid] 2559873043 [EditorId] 2559873043 [Version] 1048832 [Id] WindowsEditor(7,EBY01011D11182) [Debug] 1 [PackageName] WindowsEditor [ProjectName] Editor" joined multi-casting on [225.0.0.222:54997]...

Player connection [4004] Host "[IP] 10.16.39.31 [Port] 0 [Flags] 2 [Guid] 2559873043 [EditorId] 2559873043 [Version] 1048832 [Id] WindowsEditor(7,EBY01011D11182) [Debug] 1 [PackageName] WindowsEditor [ProjectName] Editor" joined alternative multi-casting on [225.0.0.222:34997]...

[Physics::Module] Initialized MultithreadedJobDispatcher with 15 workers.
Library Redirect Path: Library/Refreshing native plugins compatible for Editor in 17.93 ms, found 3 plugins.
Preloading 0 native plugins for Editor in 0.00 ms.
Initialize engine version: 2023.1.19f1 (629111e352bc)
[Subsystems] Discovering subsystems at path C:/Program Files/Unity 2023.1.19f1/Editor/Data/Resources/UnitySubsystems
[Subsystems] Discovering subsystems at path C:/Users/21492433/Documents/GitHub/FPS-Mirror/FPS_M1rror/Assets
GfxDevice: creating device client; threaded=0; jobified=0
Direct3D:
    Version:  Direct3D 11.0 [level 11.1]
    Renderer: NVIDIA GeForce RTX 3060 (ID=0x2504)
    Vendor:   NVIDIA
    VRAM:     12142 MB
    Driver:   31.0.15.1694
Initialize mono
Mono path[0] = 'C:/Program Files/Unity 2023.1.19f1/Editor/Data/Managed'
Mono path[1] = 'C:/Program Files/Unity 2023.1.19f1/Editor/Data/MonoBleedingEdge/lib/mono/unityjit-win32'
Mono config path = 'C:/Program Files/Unity 2023.1.19f1/Editor/Data/MonoBleedingEdge/etc'
Using monoOptions --debugger-agent=transport=dt_socket,embedding=1,server=y,suspend=n,address=127.0.0.1:56932
Begin MonoManager ReloadAssembly
C:\build\output\Unity-Technologies\mono\mono\metadata\icall.c:1842:
C:\build\output\Unity-Technologies\mono\mono\metadata\icall.c:1842:
C:\build\output\Unity-Technologies\mono\mono\metadata\icall.c:1842:
C:\build\output\Unity-Technologies\mono\mono\metadata\icall.c:1842:
C:\build\output\Unity-Technologies\mono\mono\metadata\icall.c:1842:
C:\build\output\Unity-Technologies\mono\mono\metadata\icall.c:1842:
C:\build\output\Unity-Technologies\mono\mono\metadata\icall.c:1842:
C:\build\output\Unity-Technologies\mono\mono\metadata\icall.c:1842:
C:\build\output\Unity-Technologies\mono\mono\metadata\icall.c:1842:
C:\build\output\Unity-Technologies\mono\mono\metadata\icall.c:1842:
Registering precompiled unity dll's ...
Register platform support module: C:/Program Files/Unity 2023.1.19f1/Editor/Data/PlaybackEngines/WindowsStandaloneSupport/UnityEditor.WindowsStandalone.Extensions.dll
Registered in 0.004412 seconds.
- Loaded All Assemblies, in  0.349 seconds
Native extension for WindowsStandalone target not found
Mono: successfully reloaded assembly
C:\build\output\Unity-Technologies\mono\mono\metadata\icall.c:1842:
C:\build\output\Unity-Technologies\mono\mono\metadata\icall.c:1842:
- Finished resetting the current domain, in  0.240 seconds
Domain Reload Profiling: 586ms
	BeginReloadAssembly (131ms)
		ExecutionOrderSort (0ms)
		DisableScriptedObjects (0ms)
		BackupInstance (0ms)
		ReleaseScriptingObjects (0ms)
		CreateAndSetChildDomain (1ms)
	RebuildCommonClasses (29ms)
	RebuildNativeTypeToScriptingClass (9ms)
	initialDomainReloadingComplete (48ms)
	LoadAllAssembliesAndSetupDomain (128ms)
		LoadAssemblies (127ms)
		RebuildTransferFunctionScriptingTraits (0ms)
		AnalyzeDomain (122ms)
			TypeCache.Refresh (121ms)
				TypeCache.ScanAssembly (111ms)
			ScanForSourceGeneratedMonoScriptInfo (0ms)
			ResolveRequiredComponents (0ms)
	FinalizeReload (241ms)
		ReleaseScriptCaches (0ms)
		RebuildScriptCaches (0ms)
		SetupLoadedEditorAssemblies (203ms)
			LogAssemblyErrors (0ms)
			InitializePlatformSupportModulesInManaged (9ms)
			SetLoadedEditorAssemblies (4ms)
			BeforeProcessingInitializeOnLoad (6ms)
			ProcessInitializeOnLoadAttributes (137ms)
			ProcessInitializeOnLoadMethodAttributes (46ms)
			AfterProcessingInitializeOnLoad (0ms)
			EditorAssembliesLoaded (0ms)
		ExecutionOrderSort2 (0ms)
		AwakeInstancesAfterBackupRestoration (0ms)
========================================================================
Worker process is ready to serve import requests
Import Worker Mode flag is 0x00
Begin MonoManager ReloadAssembly
C:\build\output\Unity-Technologies\mono\mono\metadata\icall.c:1842:
C:\build\output\Unity-Technologies\mono\mono\metadata\icall.c:1842:
C:\build\output\Unity-Technologies\mono\mono\metadata\icall.c:1842:
C:\build\output\Unity-Technologies\mono\mono\metadata\icall.c:1842:
C:\build\output\Unity-Technologies\mono\mono\metadata\icall.c:1842:
C:\build\output\Unity-Technologies\mono\mono\metadata\icall.c:1842:
C:\build\output\Unity-Technologies\mono\mono\metadata\icall.c:1842:
C:\build\output\Unity-Technologies\mono\mono\metadata\icall.c:1842:
C:\build\output\Unity-Technologies\mono\mono\metadata\icall.c:1842:
C:\build\output\Unity-Technologies\mono\mono\metadata\icall.c:1842:
C:\build\output\Unity-Technologies\mono\mono\metadata\icall.c:1842:
C:\build\output\Unity-Technologies\mono\mono\metadata\icall.c:1842:
Symbol file LoadedFromMemory doesn't match image C:\Users\21492433\Documents\GitHub\FPS-Mirror\FPS_M1rror\Library\PackageCache\com.unity.visualscripting@1.8.0\Editor\VisualScripting.Core\Dependencies\YamlDotNet\Unity.VisualScripting.YamlDotNet.dll
Symbol file LoadedFromMemory doesn't match image C:\Users\21492433\Documents\GitHub\FPS-Mirror\FPS_M1rror\Library\PackageCache\com.unity.visualscripting@1.8.0\Editor\VisualScripting.Core\Dependencies\DotNetZip\Unity.VisualScripting.IonicZip.dll
Symbol file LoadedFromMemory is not a mono symbol file
- Loaded All Assemblies, in  0.889 seconds
Refreshing native plugins compatible for Editor in 4.71 ms, found 3 plugins.
Native extension for WindowsStandalone target not found
Mirror | mirror-networking.com | discord.gg/N9QVxbM
Mono: successfully reloaded assembly
- Finished resetting the current domain, in  0.592 seconds
Domain Reload Profiling: 1474ms
	BeginReloadAssembly (257ms)
		ExecutionOrderSort (0ms)
		DisableScriptedObjects (5ms)
		BackupInstance (0ms)
		ReleaseScriptingObjects (0ms)
		CreateAndSetChildDomain (22ms)
	RebuildCommonClasses (28ms)
	RebuildNativeTypeToScriptingClass (9ms)
	initialDomainReloadingComplete (38ms)
	LoadAllAssembliesAndSetupDomain (550ms)
		LoadAssemblies (353ms)
		RebuildTransferFunctionScriptingTraits (0ms)
		AnalyzeDomain (281ms)
			TypeCache.Refresh (262ms)
				TypeCache.ScanAssembly (249ms)
			ScanForSourceGeneratedMonoScriptInfo (13ms)
			ResolveRequiredComponents (5ms)
	FinalizeReload (592ms)
		ReleaseScriptCaches (0ms)
		RebuildScriptCaches (0ms)
		SetupLoadedEditorAssemblies (423ms)
			LogAssemblyErrors (0ms)
			InitializePlatformSupportModulesInManaged (5ms)
			SetLoadedEditorAssemblies (3ms)
			BeforeProcessingInitializeOnLoad (74ms)
			ProcessInitializeOnLoadAttributes (301ms)
			ProcessInitializeOnLoadMethodAttributes (30ms)
			AfterProcessingInitializeOnLoad (10ms)
			EditorAssembliesLoaded (0ms)
		ExecutionOrderSort2 (0ms)
		AwakeInstancesAfterBackupRestoration (12ms)
Launched and connected shader compiler UnityShaderCompiler.exe after 0.02 seconds
Refreshing native plugins compatible for Editor in 8.07 ms, found 3 plugins.
Preloading 0 native plugins for Editor in 0.00 ms.
Unloading 3706 Unused Serialized files (Serialized files now loaded: 0)
Unloading 41 unused Assets / (57.3 KB). Loaded Objects now: 4238.
Memory consumption went from 152.8 MB to 152.7 MB.
Total: 4.814900 ms (FindLiveObjects: 0.327400 ms CreateObjectMapping: 0.311500 ms MarkObjects: 4.039600 ms  DeleteObjects: 0.135300 ms)

AssetImportParameters requested are different than current active one (requested -> active):
  custom:video-decoder-webm-vp8: 9c59270c3fd7afecdb556c50c9e8de78 -> 
  custom:SearchIndexIgnoredProperties: e643bd26f0fe6173181afceb89e7c659 -> 
  custom:audio-encoder-webm-vorbis: bf7c407c2cedff20999df2af8eb42d56 -> 
  custom:AudioImporter_EditorPlatform: d09bf68614088b80899f8185d706f6e7 -> 
  custom:audio-decoder-ogg-vorbis: bf7c407c2cedff20999df2af8eb42d56 -> 
  custom:video-encoder-webm-vp8: eb34c28f22e8b96e1ab97ce403110664 -> 
  custom:container-demuxer-ogg: 62fdf1f143b41e24485cea50d1cbac27 -> 
  custom:framework-win-MediaFoundation: 216162199b28c13a410421893ffa2e32 -> 
  custom:video-decoder-ogg-theora: a1e56fd34408186e4bbccfd4996cb3dc -> 
  custom:container-muxer-webm: aa71ff27fc2769a1b78a27578f13a17b -> 
  custom:CustomObjectIndexerAttribute: 756ad292c208cfabdd7b50bc23989ffe -> 
  custom:container-demuxer-webm: 4f35f7cbe854078d1ac9338744f61a02 -> 
========================================================================
Received Import Request.
  Time since last request: 153543.907962 seconds.
  path: Assets/Models/autoguns/bullet.fbx
  artifactKey: Guid(20aac493a4bc174479eab321edd024ac) Importer(815301076,1909f56bfc062723c751e8b465ee728b)
Start importing Assets/Models/autoguns/bullet.fbx using Guid(20aac493a4bc174479eab321edd024ac) Importer(815301076,1909f56bfc062723c751e8b465ee728b)  -> (artifact id: '01abb7b350b08ed371fc7f4a9bcf3a74') in 0.136378 seconds
Number of updated asset objects reloaded before import = 0
Number of asset objects unloaded after import = 8
========================================================================
Received Import Request.
  Time since last request: 0.000023 seconds.
  path: Assets/Models/autoguns/gun6.fbx
  artifactKey: Guid(7aced44b8511c8c4fa877dd7a351e0da) Importer(815301076,1909f56bfc062723c751e8b465ee728b)
Start importing Assets/Models/autoguns/gun6.fbx using Guid(7aced44b8511c8c4fa877dd7a351e0da) Importer(815301076,1909f56bfc062723c751e8b465ee728b)  -> (artifact id: 'f165ec9af66b6a1bd0e7821ad1e00206') in 0.041765 seconds
Number of updated asset objects reloaded before import = 0
Number of asset objects unloaded after import = 20
========================================================================
Received Import Request.
  Time since last request: 0.000021 seconds.
  path: Assets/Models/autoguns/gun7.fbx
  artifactKey: Guid(350f2a5e2577ba74fb6a56921cc01b52) Importer(815301076,1909f56bfc062723c751e8b465ee728b)
Start importing Assets/Models/autoguns/gun7.fbx using Guid(350f2a5e2577ba74fb6a56921cc01b52) Importer(815301076,1909f56bfc062723c751e8b465ee728b)  -> (artifact id: '1353e3a9fc7f18717a773e063ba3223e') in 0.037138 seconds
Number of updated asset objects reloaded before import = 0
Number of asset objects unloaded after import = 20
========================================================================
Received Import Request.
  Time since last request: 0.000013 seconds.
  path: Assets/Models/autoguns/gun2.fbx
  artifactKey: Guid(cd5d576dcd626cf45b58a609fe6d5805) Importer(815301076,1909f56bfc062723c751e8b465ee728b)
Start importing Assets/Models/autoguns/gun2.fbx using Guid(cd5d576dcd626cf45b58a609fe6d5805) Importer(815301076,1909f56bfc062723c751e8b465ee728b)  -> (artifact id: '0fea602e17eb177447ccdb6e053c6ca4') in 0.043373 seconds
Number of updated asset objects reloaded before import = 0
Number of asset objects unloaded after import = 20
========================================================================
Received Import Request.
  Time since last request: 0.000014 seconds.
  path: Assets/Models/autoguns/gun3.fbx
  artifactKey: Guid(fa04f6e79a399894b887b73fa7cb8a88) Importer(815301076,1909f56bfc062723c751e8b465ee728b)
Start importing Assets/Models/autoguns/gun3.fbx using Guid(fa04f6e79a399894b887b73fa7cb8a88) Importer(815301076,1909f56bfc062723c751e8b465ee728b)  -> (artifact id: '9a7341d1d8f1a731bb400993d15523fd') in 0.037883 seconds
Number of updated asset objects reloaded before import = 0
Number of asset objects unloaded after import = 20
========================================================================
Received Import Request.
  Time since last request: 0.000015 seconds.
  path: Assets/Models/autoguns/gun1.fbx
  artifactKey: Guid(d00d5bba9ed108f4ca731b11b55347be) Importer(815301076,1909f56bfc062723c751e8b465ee728b)
Start importing Assets/Models/autoguns/gun1.fbx using Guid(d00d5bba9ed108f4ca731b11b55347be) Importer(815301076,1909f56bfc062723c751e8b465ee728b)  -> (artifact id: '26ebde58fa932ae6bd8e40e21fd845ec') in 0.036441 seconds
Number of updated asset objects reloaded before import = 0
Number of asset objects unloaded after import = 20
========================================================================
Received Import Request.
  Time since last request: 0.000011 seconds.
  path: Assets/Models/autoguns/gun4.fbx
  artifactKey: Guid(8a05431b24b04f749a5e1e2bafc0eea8) Importer(815301076,1909f56bfc062723c751e8b465ee728b)
Start importing Assets/Models/autoguns/gun4.fbx using Guid(8a05431b24b04f749a5e1e2bafc0eea8) Importer(815301076,1909f56bfc062723c751e8b465ee728b)  -> (artifact id: '45083f9d76b08c20651d40ade3c7e196') in 0.037699 seconds
Number of updated asset objects reloaded before import = 0
Number of asset objects unloaded after import = 20
========================================================================
Received Import Request.
  Time since last request: 33.764780 seconds.
  path: Assets/Models/Characters/Swat@Rifle Aiming Idle.fbx
  artifactKey: Guid(62c326270312ca947b3e1ec4ab60de19) Importer(815301076,1909f56bfc062723c751e8b465ee728b)
Start importing Assets/Models/Characters/Swat@Rifle Aiming Idle.fbx using Guid(62c326270312ca947b3e1ec4ab60de19) Importer(815301076,1909f56bfc062723c751e8b465ee728b)  -> (artifact id: 'a1de7ae33a79f1ddbd5aa9fbfee63bde') in 0.089151 seconds
Number of updated asset objects reloaded before import = 0
Number of asset objects unloaded after import = 156
========================================================================
Received Import Request.
  Time since last request: 63.474305 seconds.
  path: Assets/Prefabs/bullet2.prefab
  artifactKey: Guid(6f0240efada271548807015bf6657778) Importer(815301076,1909f56bfc062723c751e8b465ee728b)
Start importing Assets/Prefabs/bullet2.prefab using Guid(6f0240efada271548807015bf6657778) Importer(815301076,1909f56bfc062723c751e8b465ee728b)  -> (artifact id: 'a7ac530d7c163113b3d9bd1d72710044') in 0.015230 seconds
Number of updated asset objects reloaded before import = 0
Number of asset objects unloaded after import = 7
========================================================================
Received Import Request.
  Time since last request: 0.000186 seconds.
  path: Assets/Prefabs/NetworkManager.prefab
  artifactKey: Guid(b2ebe18371d099f4c9a4b0a56fdee871) Importer(815301076,1909f56bfc062723c751e8b465ee728b)
Start importing Assets/Prefabs/NetworkManager.prefab using Guid(b2ebe18371d099f4c9a4b0a56fdee871) Importer(815301076,1909f56bfc062723c751e8b465ee728b)  -> (artifact id: '7b83633a250174b13d3837e83d644e0b') in 0.034543 seconds
Number of updated asset objects reloaded before import = 0
Number of asset objects unloaded after import = 59
========================================================================
Received Import Request.
  Time since last request: 113.488273 seconds.
  path: Assets/Models/Guns/handguns/gun1.fbx
  artifactKey: Guid(93db7b8e134ed2749b120c3d0e0c3a62) Importer(815301076,1909f56bfc062723c751e8b465ee728b)
Start importing Assets/Models/Guns/handguns/gun1.fbx using Guid(93db7b8e134ed2749b120c3d0e0c3a62) Importer(815301076,1909f56bfc062723c751e8b465ee728b)  -> (artifact id: '99ca04091bd7978c6d8ef4eec1c233f2') in 0.065465 seconds
Number of updated asset objects reloaded before import = 0
Number of asset objects unloaded after import = 30
========================================================================
Received Import Request.
  Time since last request: 5.294838 seconds.
  path: Assets/Models/Guns/grenade launchers/gun1.fbx
  artifactKey: Guid(e51745ccc4d4d524aba9d9793935ac56) Importer(815301076,1909f56bfc062723c751e8b465ee728b)
Start importing Assets/Models/Guns/grenade launchers/gun1.fbx using Guid(e51745ccc4d4d524aba9d9793935ac56) Importer(815301076,1909f56bfc062723c751e8b465ee728b)  -> (artifact id: '0cd1067139558cb9faf338cf39713bd5') in 0.126116 seconds
Number of updated asset objects reloaded before import = 0
Number of asset objects unloaded after import = 64
========================================================================
Received Import Request.
  Time since last request: 0.062050 seconds.
  path: Assets/Models/Guns/miniguns/gun1.fbx
  artifactKey: Guid(21dd55687d73e4240bbf22272c1c186a) Importer(815301076,1909f56bfc062723c751e8b465ee728b)
Start importing Assets/Models/Guns/miniguns/gun1.fbx using Guid(21dd55687d73e4240bbf22272c1c186a) Importer(815301076,1909f56bfc062723c751e8b465ee728b)  -> (artifact id: 'c9adbf1048a18a53aa7931000b4d2cf0') in 0.148267 seconds
Number of updated asset objects reloaded before import = 0
Number of asset objects unloaded after import = 102
========================================================================
Received Import Request.
  Time since last request: 0.691130 seconds.
  path: Assets/Models/Guns/handguns/gun5.fbx
  artifactKey: Guid(ec25bbaf5a1c7cc4b849f8f7cdb050ce) Importer(815301076,1909f56bfc062723c751e8b465ee728b)
Start importing Assets/Models/Guns/handguns/gun5.fbx using Guid(ec25bbaf5a1c7cc4b849f8f7cdb050ce) Importer(815301076,1909f56bfc062723c751e8b465ee728b)  -> (artifact id: '48282fa60d4a4b5122afa497bc36ff3d') in 0.047488 seconds
Number of updated asset objects reloaded before import = 0
Number of asset objects unloaded after import = 35
========================================================================
Received Import Request.
  Time since last request: 0.924683 seconds.
  path: Assets/Models/Guns/handguns/gun2.fbx
  artifactKey: Guid(82f0454b773b23c4eba2c99d502751aa) Importer(815301076,1909f56bfc062723c751e8b465ee728b)
Start importing Assets/Models/Guns/handguns/gun2.fbx using Guid(82f0454b773b23c4eba2c99d502751aa) Importer(815301076,1909f56bfc062723c751e8b465ee728b)  -> (artifact id: '2e7b505f81382256af07c53a63bb315d') in 0.047623 seconds
Number of updated asset objects reloaded before import = 0
Number of asset objects unloaded after import = 30
========================================================================
Received Import Request.
  Time since last request: 2.863966 seconds.
  path: Assets/Models/Guns/shotguns/gun1.fbx
  artifactKey: Guid(41269d152c43c7b4caee64d34ae37585) Importer(815301076,1909f56bfc062723c751e8b465ee728b)
Start importing Assets/Models/Guns/shotguns/gun1.fbx using Guid(41269d152c43c7b4caee64d34ae37585) Importer(815301076,1909f56bfc062723c751e8b465ee728b)  -> (artifact id: '64ea1a1281836e3fa1801314b10d90ba') in 0.043819 seconds
Number of updated asset objects reloaded before import = 0
Number of asset objects unloaded after import = 20
========================================================================
Received Import Request.
  Time since last request: 1.548106 seconds.
  path: Assets/Models/Guns/shotguns/gun3.fbx
  artifactKey: Guid(b6f7d224f654ee74ba57aa739d84c4af) Importer(815301076,1909f56bfc062723c751e8b465ee728b)
Start importing Assets/Models/Guns/shotguns/gun3.fbx using Guid(b6f7d224f654ee74ba57aa739d84c4af) Importer(815301076,1909f56bfc062723c751e8b465ee728b)  -> (artifact id: '5591f1f83013e7a3e86b2a572633c8d2') in 0.093667 seconds
Number of updated asset objects reloaded before import = 0
Number of asset objects unloaded after import = 51
========================================================================
Received Import Request.
  Time since last request: 0.421812 seconds.
  path: Assets/Mirror/Examples/_Common/TankModel/(Public Domain) Recon_Tank/reconTank.fbx
  artifactKey: Guid(38b49695fc0a4418bbc350f2366660c5) Importer(815301076,1909f56bfc062723c751e8b465ee728b)
Start importing Assets/Mirror/Examples/_Common/TankModel/(Public Domain) Recon_Tank/reconTank.fbx using Guid(38b49695fc0a4418bbc350f2366660c5) Importer(815301076,1909f56bfc062723c751e8b465ee728b)  -> (artifact id: '07fb799e17c40b13025a00c86c937dd0') in 0.046623 seconds
Number of updated asset objects reloaded before import = 0
Number of asset objects unloaded after import = 39
========================================================================
Received Import Request.
  Time since last request: 0.000022 seconds.
  path: Assets/Models/Guns/shotguns/ammo.fbx
  artifactKey: Guid(9ce11d0be4958fd4b82fdec6f171c650) Importer(815301076,1909f56bfc062723c751e8b465ee728b)
Start importing Assets/Models/Guns/shotguns/ammo.fbx using Guid(9ce11d0be4958fd4b82fdec6f171c650) Importer(815301076,1909f56bfc062723c751e8b465ee728b)  -> (artifact id: '78c34acd1ad4191a86ae621ca8d94b11') in 0.198422 seconds
Number of updated asset objects reloaded before import = 0
Number of asset objects unloaded after import = 123
========================================================================
Received Import Request.
  Time since last request: 0.000025 seconds.
  path: Assets/Models/Guns/grenade launchers/ammo.fbx
  artifactKey: Guid(81ca28cbfbff2b343b2ba4774e895961) Importer(815301076,1909f56bfc062723c751e8b465ee728b)
Start importing Assets/Models/Guns/grenade launchers/ammo.fbx using Guid(81ca28cbfbff2b343b2ba4774e895961) Importer(815301076,1909f56bfc062723c751e8b465ee728b)  -> (artifact id: '74a69525f6161e085ea4b963a7594caa') in 0.123214 seconds
Number of updated asset objects reloaded before import = 0
Number of asset objects unloaded after import = 46
========================================================================
Received Import Request.
  Time since last request: 1.569854 seconds.
  path: Assets/Models/Guns/shotguns/bullet.fbx
  artifactKey: Guid(4e1d740eccd131347a32dd6cf5eb355f) Importer(815301076,1909f56bfc062723c751e8b465ee728b)
Start importing Assets/Models/Guns/shotguns/bullet.fbx using Guid(4e1d740eccd131347a32dd6cf5eb355f) Importer(815301076,1909f56bfc062723c751e8b465ee728b)  -> (artifact id: '05d4c8165ac44fb3646acc432885109b') in 0.021990 seconds
Number of updated asset objects reloaded before import = 0
Number of asset objects unloaded after import = 8
========================================================================
Received Import Request.
  Time since last request: 0.033141 seconds.
  path: Assets/Models/Guns/sniper rifle/bullet.fbx
  artifactKey: Guid(ab5a31726d3b581479c0fa8dcb7a3e5a) Importer(815301076,1909f56bfc062723c751e8b465ee728b)
Start importing Assets/Models/Guns/sniper rifle/bullet.fbx using Guid(ab5a31726d3b581479c0fa8dcb7a3e5a) Importer(815301076,1909f56bfc062723c751e8b465ee728b)  -> (artifact id: 'dfda38bbf461909c0006bdf7bff25c03') in 0.022006 seconds
Number of updated asset objects reloaded before import = 0
Number of asset objects unloaded after import = 8
========================================================================
Received Import Request.
  Time since last request: 0.082609 seconds.
  path: Assets/Models/Guns/miniguns/ammo2.fbx
  artifactKey: Guid(77e1d75c1b3cd394492b54716416cb01) Importer(815301076,1909f56bfc062723c751e8b465ee728b)
Start importing Assets/Models/Guns/miniguns/ammo2.fbx using Guid(77e1d75c1b3cd394492b54716416cb01) Importer(815301076,1909f56bfc062723c751e8b465ee728b)  -> (artifact id: '3747c4a7f41aa3a297fb06783538719c') in 0.023281 seconds
Number of updated asset objects reloaded before import = 0
Number of asset objects unloaded after import = 8
Editor requested this worker to shutdown with reason: Scaling down because of idle timeout
AssetImportWorker is now disconnected from the server
Process exiting
Exiting without the bug reporter. Application will terminate with return code 0